Test for backup
LJMD version 1.0
Startup time:      0.005s
Starting simulation with 108 atoms for 10000 steps.
     NFI            TEMP            EKIN                 EPOT              ETOT
       0          72.64160016          23.16879686        -160.48438434        -137.31558748
     100          65.43323663          20.86971328        -158.26635748        -137.39664420
     200          59.79291673          19.07075200        -156.47936252        -137.40861052
     300          57.64514280          18.38572665        -155.78652892        -137.40080228
     400          60.30123889          19.23287966        -156.54009116        -137.30721150
     500          61.72762728          19.68782150        -157.10161687        -137.41379537
     600          57.14347223          18.22572049        -155.66135485        -137.43563437
     700          59.33906643          18.92599796        -156.26728969        -137.34129173
     800          59.75647587          19.05912931        -156.36554426        -137.30641495
     900          54.35607344          17.33668891        -154.79957079        -137.46288188
    1000          58.38087656          18.62038648        -155.96230669        -137.34192021
    1100          59.80933564          19.07598876        -156.35932099        -137.28333224
    1200          59.35800355          18.93203789        -156.26587665        -137.33383876
    1300          62.28306286          19.86497583        -157.10909906        -137.24412324
    1400          56.93168792          18.15817258        -155.44501733        -137.28684474
    1500          58.26383349          18.58305599        -155.91700555        -137.33394956
    1600          57.40448498          18.30896964        -155.68941538        -137.38044574
    1700          62.93329516          20.07236526        -157.42260553        -137.35024027
    1800          53.45890135          17.05053885        -154.52525666        -137.47471781
    1900          59.48052540          18.97111582        -156.30527788        -137.33416206
    2000          62.75114395          20.01426874        -157.30132634        -137.28705761
    2100          57.86465886          18.45574056        -155.66814504        -137.21240447
    2200          60.48709290          19.29215718        -156.59447067        -137.30231349
    2300          53.81193894          17.16313902        -154.43944723        -137.27630821
    2400          59.52572193          18.98553111        -156.33952786        -137.35399675
    2500          58.92686579          18.79452793        -156.03041539        -137.23588745
    2600          61.65941060          19.66606401        -156.94491184        -137.27884783
    2700          58.81987813          18.76040457        -156.07031128        -137.30990671
    2800          53.15475435          16.95353218        -154.26693029        -137.31339812
    2900          54.95193320          17.52673640        -154.82877253        -137.30203614
    3000          55.99963582          17.86089766        -155.23428959        -137.37339192
    3100          56.97369972          18.17157211        -155.46229983        -137.29072773
    3200          54.82660947          17.48676481        -154.82425992        -137.33749511
    3300          58.17829031          18.55577227        -155.99088329        -137.43511102
    3400          57.28761483          18.27169429        -155.64132270        -137.36962841
    3500          55.43527353          17.68089619        -155.09613517        -137.41523898
    3600          55.08690980          17.56978674        -155.00142956        -137.43164282
    3700          56.84774717          18.13139996        -155.56340960        -137.43200964
    3800          51.62386365          16.46525968        -153.98191080        -137.51665112
    3900          52.18965985          16.64571850        -154.10777264        -137.46205414
    4000          52.04643809          16.60003839        -153.99306287        -137.39302448
    4100          56.74203145          18.09768228        -155.56861059        -137.47092830
    4200          51.99665463          16.58416012        -154.04235613        -137.45819601
    4300          51.52530560          16.43382492        -153.89636281        -137.46253789
    4400          53.08753081          16.93209145        -154.37558869        -137.44349724
    4500          55.28491291          17.63293917        -154.99811418        -137.36517501
    4600          50.52240811          16.11395410        -153.47852798        -137.36457388
    4700          54.84194086          17.49165471        -154.83669648        -137.34504177
    4800          51.56316096          16.44589876        -153.89692062        -137.45102186
    4900          44.22248111          14.10461333        -151.45643511        -137.35182178
    5000          51.65554424          16.47536410        -153.91135346        -137.43598936
    5100          52.15819570          16.63568311        -154.05942974        -137.42374663
    5200          52.09876156          16.61672679        -153.94236495        -137.32563816
    5300          55.14219375          17.58741937        -154.99559497        -137.40817560
    5400          52.05280993          16.60207067        -154.04519847        -137.44312780
    5500          48.06372408          15.32976500        -152.61277417        -137.28300917
    5600          51.52854863          16.43485927        -153.84768827        -137.41282900
    5700          52.63503225          16.78776854        -154.25095023        -137.46318169
    5800          51.72404088          16.49721087        -153.78408225        -137.28687138
    5900          52.26874764          16.67094328        -153.99738957        -137.32644628
    6000          57.49438311          18.33764234        -155.62552091        -137.28787857
    6100          55.10761644          17.57639105        -154.92602529        -137.34963424
    6200          58.57028010          18.68079611        -156.03155378        -137.35075766
    6300          54.75835109          17.46499403        -154.91666703        -137.45167300
    6400          49.98759606          15.94337757        -153.34410044        -137.40072287
    6500          53.64957150          17.11135246        -154.49718674        -137.38583428
    6600          53.04233048          16.91767496        -154.36158389        -137.44390893
    6700          47.80783380          15.24814965        -152.73517259        -137.48702295
    6800          51.37005010          16.38430669        -153.82860448        -137.44429778
    6900          49.53407985          15.79873009        -153.19142689        -137.39269680
    7000          53.56355031          17.08391629        -154.53903517        -137.45511888
    7100          62.00309085          19.77567969        -157.14613793        -137.37045824
    7200          51.47393355          16.41743997        -153.84230366        -137.42486369
    7300          57.04768895          18.19517073        -155.56987642        -137.37470569
    7400          52.66736287          16.79808029        -154.14472879        -137.34664851
    7500          53.39523712          17.03023336        -154.39752638        -137.36729302
    7600          55.33603169          17.64924334        -155.06995306        -137.42070973
    7700          52.77161464          16.83133104        -154.25661103        -137.42527999
    7800          58.06091143          18.51833467        -155.96340255        -137.44506789
    7900          50.90666974          16.23651307        -153.58297664        -137.34646357
    8000          53.17978332          16.96151509        -154.29003352        -137.32851843
    8100          51.53063527          16.43552480        -153.81769164        -137.38216684
    8200          55.41770175          17.67529173        -155.07352674        -137.39823501
    8300          49.99867638          15.94691160        -153.34510102        -137.39818942
    8400          51.48133090          16.41979933        -153.79415548        -137.37435615
    8500          50.34005697          16.05579381        -153.48547524        -137.42968143
    8600          57.07000424          18.20228811        -155.62831952        -137.42603141
    8700          53.75636825          17.14541493        -154.52405057        -137.37863564
    8800          47.13157875          15.03246034        -152.40260291        -137.37014256
    8900          52.18071745          16.64286635        -154.05237029        -137.40950394
    9000          54.28196133          17.31305110        -154.64857205        -137.33552095
    9100          50.26204207          16.03091122        -153.47964892        -137.44873770
    9200          53.25991488          16.98707278        -154.43531571        -137.44824293
    9300          54.29402911          17.31690008        -154.65977400        -137.34287392
    9400          52.85526006          16.85800947        -154.18869491        -137.33068544
    9500          63.25393398          20.17463195        -157.61560632        -137.44097437
    9600          52.24936271          16.66476052        -154.06627741        -137.40151689
    9700          53.52372975          17.07121566        -154.44436009        -137.37314443
    9800          57.27086335          18.26635146        -155.52339011        -137.25703865
    9900          49.94725073          15.93050956        -153.22153490        -137.29102534
   10000          57.68505407          18.39845621        -155.70555811        -137.30710189
Simulation Done. Run time:      2.669s

=============================================
Test for serial
LJMD version 1.0
Startup time:      0.001s
Starting simulation with 108 atoms for 10000 steps.
     NFI            TEMP            EKIN                 EPOT              ETOT
       0          72.64160016          23.16879686        -160.47356230        -137.30476543
     100          65.43431861          20.87005837        -158.25588624        -137.38582786
     200          59.79434845          19.07120864        -156.46899372        -137.39778508
     300          57.64751018          18.38648171        -155.77651340        -137.39003169
     400          60.30704700          19.23473214        -156.53118702        -137.29645488
     500          61.72477319          19.68691119        -157.08986168        -137.40295048
     600          57.14135854          18.22504633        -155.64980366        -137.42475733
     700          59.36438007          18.93407166        -156.26834060        -137.33426894
     800          59.78756472          19.06904500        -156.35643069        -137.28738569
     900          54.36763969          17.34037793        -154.78813145        -137.44775352
    1000          58.30225224          18.59530952        -155.92586862        -137.33055910
    1100          60.04148076          19.15003067        -156.42623752        -137.27620685
    1200          59.34164636          18.92682082        -156.26509343        -137.33827261
    1300          62.59515100          19.96451530        -157.19415532        -137.22964001
    1400          56.93824540          18.16026407        -155.47553037        -137.31526630
    1500          58.77294296          18.74543476        -156.09200070        -137.34656595
    1600          55.84093594          17.81028087        -155.21486498        -137.40458412
    1700          56.78511187          18.11142264        -155.45850515        -137.34708251
    1800          52.01092032          16.58871012        -153.92656659        -137.33785648
    1900          60.47822481          19.28932874        -156.66450047        -137.37517174
    2000          56.74958175          18.10009043        -155.45906837        -137.35897794
    2100          60.58789056          19.32430626        -156.69922388        -137.37491762
    2200          58.14484493          18.54510498        -155.88027139        -137.33516641
    2300          59.12621460          18.85810957        -156.24802676        -137.38991719
    2400          59.95210840          19.12152565        -156.51129711        -137.38977145
    2500          51.67417103          16.48130505        -153.74959916        -137.26829410
    2600          53.48475305          17.05878417        -154.46825599        -137.40947182
    2700          54.81842375          17.48415400        -154.79576097        -137.31160697
    2800          62.75581228          20.01575768        -157.35522181        -137.33946413
    2900          56.75582641          18.10208214        -155.44548451        -137.34340237
    3000          65.64301551          20.93662156        -158.23752268        -137.30090112
    3100          58.83219256          18.76433222        -156.09979283        -137.33546061
    3200          53.77955828          17.15281131        -154.46483256        -137.31202125
    3300          51.80564285          16.52323755        -153.89834517        -137.37510762
    3400          55.53092406          17.71140361        -155.04363276        -137.33222915
    3500          53.39662449          17.03067586        -154.38618418        -137.35550833
    3600          55.24905271          17.62150168        -155.04333965        -137.42183798
    3700          60.24871558          19.21612753        -156.60022882        -137.38410129
    3800          54.24516150          17.30131391        -154.62516769        -137.32385377
    3900          55.24384093          17.61983940        -154.94727100        -137.32743160
    4000          52.58371731          16.77140181        -154.13831813        -137.36691631
    4100          53.57952900          17.08901264        -154.38495796        -137.29594532
    4200          58.83219788          18.76433392        -156.13859460        -137.37426069
    4300          57.62989407          18.38086312        -155.74782429        -137.36696117
    4400          56.67207378          18.07536952        -155.45026610        -137.37489658
    4500          58.64169253          18.70357287        -156.09832745        -137.39475458
    4600          58.18392485          18.55756939        -155.95508197        -137.39751258
    4700          56.53500627          18.03165229        -155.44551551        -137.41386322
    4800          56.82626208          18.12454736        -155.60499375        -137.48044639
    4900          61.36415287          19.57189254        -156.96217598        -137.39028343
    5000          62.93872385          20.07409672        -157.46859702        -137.39450030
    5100          55.40485047          17.67119286        -155.05764928        -137.38645642
    5200          58.77471065          18.74599856        -156.15679873        -137.41080017
    5300          60.80528171          19.39364245        -156.76475364        -137.37111120
    5400          53.23435221          16.97891965        -154.33686554        -137.35794589
    5500          58.72619701          18.73052529        -156.01854491        -137.28801962
    5600          59.46258595          18.96539410        -156.32772274        -137.36232864
    5700          52.94768696          16.88748872        -154.29421018        -137.40672146
    5800          61.39946041          19.58315377        -156.90740192        -137.32424815
    5900          56.89901133          18.14775049        -155.47922778        -137.33147728
    6000          56.67353359          18.07583512        -155.45748644        -137.38165132
    6100          60.34779867          19.24772975        -156.67711595        -137.42938620
    6200          56.04023581          17.87384690        -155.29492074        -137.42107385
    6300          54.90278254          17.51105996        -154.93644991        -137.42538995
    6400          59.64654684          19.02406781        -156.59030214        -137.56623432
    6500          57.57557019          18.36353669        -155.83229863        -137.46876194
    6600          52.21133228          16.65263085        -154.05478536        -137.40215451
    6700          55.36140108          17.65733482        -155.01196127        -137.35462645
    6800          56.79686261          18.11517050        -155.47370987        -137.35853937
    6900          52.32308620          16.68827439        -154.10621314        -137.41793875
    7000          50.50589276          16.10868658        -153.42084516        -137.31215858
    7100          57.42231986          18.31465801        -155.60712632        -137.29246831
    7200          53.45023998          17.04777634        -154.46470067        -137.41692434
    7300          52.65351279          16.79366285        -154.17968689        -137.38602404
    7400          50.72929336          16.17993946        -153.47522749        -137.29528803
    7500          52.62395015          16.78423394        -154.09218330        -137.30794936
    7600          57.74970404          18.41907610        -155.80523988        -137.38616378
    7700          54.68197569          17.44063435        -154.84130108        -137.40066674
    7800          56.12571050          17.90110877        -155.28345098        -137.38234221
    7900          54.31070247          17.32221799        -154.69998758        -137.37776960
    8000          53.87261293          17.18249079        -154.66180682        -137.47931604
    8100          55.96853298          17.85097752        -155.28352956        -137.43255205
    8200          53.88501905          17.18644768        -154.59184396        -137.40539628
    8300          48.67980101          15.52626069        -152.95074791        -137.42448722
    8400          51.49297902          16.42351446        -153.89448414        -137.47096968
    8500          46.92982531          14.96811176        -152.39155965        -137.42344789
    8600          50.45123319          16.09125309        -153.36669431        -137.27544122
    8700          57.46913183          18.32958853        -155.60606058        -137.27647205
    8800          53.59857587          17.09508758        -154.49306928        -137.39798171
    8900          51.02298710          16.27361210        -153.66675492        -137.39314282
    9000          56.61035439          18.05568432        -155.37547590        -137.31979158
    9100          56.74049659          18.09719274        -155.42894396        -137.33175122
    9200          56.21042619          17.92812855        -155.33038393        -137.40225538
    9300          51.47024716          16.41626421        -153.72447602        -137.30821181
    9400          48.80332650          15.56565873        -152.86551343        -137.29985470
    9500          57.35864161          18.29434804        -155.64246470        -137.34811666
    9600          54.61839908          17.42035680        -154.74893182        -137.32857502
    9700          54.97513275          17.53413582        -154.96818114        -137.43404532
    9800          54.71281776          17.45047132        -154.90457142        -137.45410010
    9900          51.59494909          16.45603748        -153.77248471        -137.31644723
   10000          50.62450875          16.14651876        -153.62295705        -137.47643830
Simulation Done. Run time:      0.895s

=============================================
Test for MPI
LJMD version 1.0
LJMD version 1.0
LJMD version 1.0
LJMD version 1.0
LJMD version 1.0
problem reading input: No such file or directory
problem reading input: No such file or directory
problem reading input: No such file or directory
problem reading input: No such file or directory
problem reading input: No such file or directory
LJMD version 1.0
--------------------------------------------------------------------------
Primary job  terminated normally, but 1 process returned
a non-zero exit code. Per user-direction, the job has been aborted.
--------------------------------------------------------------------------
LJMD version 1.0
problem reading input: No such file or directory
--------------------------------------------------------------------------
mpirun detected that one or more processes exited with non-zero status, thus causing
the job to be terminated. The first process to do so was:

  Process name: [[25990,1],2]
  Exit code:    1
--------------------------------------------------------------------------
MPI no ready yet
